{"C:\\Users\\smbra\\OneDrive\\Documents\\GitHub\\Nodejs\\clg-nodejs-3\\calculate.js": {"path":"C:\\Users\\smbra\\OneDrive\\Documents\\GitHub\\Nodejs\\clg-nodejs-3\\calculate.js","statementMap":{"0":{"start":{"line":4,"column":4},"end":{"line":6,"column":6}},"1":{"start":{"line":5,"column":8},"end":{"line":5,"column":21}},"2":{"start":{"line":15,"column":0},"end":{"line":15,"column":30}}},"fnMap":{"0":{"name":"(anonymous_0)","decl":{"start":{"line":4,"column":10},"end":{"line":4,"column":11}},"loc":{"start":{"line":4,"column":24},"end":{"line":6,"column":5}},"line":4}},"branchMap":{},"s":{"0":1,"1":1,"2":1},"f":{"0":1},"b":{},"_coverageSchema":"1a1c01bbd47fc00a2c39e90264f33305004495a9","hash":"f936bb78d1039f5389faef70fb1128a91978f0c5"}
}
